\BOOKMARK [1][-]{section.1}{\376\377\000は\000じ\000め\000に}{}% 1
\BOOKMARK [2][-]{subsection.1.1}{\376\377\000動\000機}{section.1}% 2
\BOOKMARK [2][-]{subsection.1.2}{\376\377\000貢\000献}{section.1}% 3
\BOOKMARK [2][-]{subsection.1.3}{\376\377\000S\000W\000M\000L\000シ\000ス\000テ\000ム\000概\000要}{section.1}% 4
\BOOKMARK [1][-]{section.2}{\376\377\000関\000連\000研\000究}{}% 5
\BOOKMARK [2][-]{subsection.2.1}{\376\377\000自\000律\000コ\000ー\000デ\000ィ\000ン\000グ\000エ\000ー\000ジ\000ェ\000ン\000ト}{section.2}% 6
\BOOKMARK [3][-]{subsubsection.2.1.1}{\376\377\000D\000e\000v\000i\000n\000\040\000A\000I\000（\000C\000o\000g\000n\000i\000t\000i\000o\000n\000\040\000L\000a\000b\000s\000,\000\040\0002\0000\0002\0004\000）}{subsection.2.1}% 7
\BOOKMARK [3][-]{subsubsection.2.1.2}{\376\377\000S\000W\000E\000-\000A\000g\000e\000n\000t\000（\000P\000r\000i\000n\000c\000e\000t\000o\000n\000\040\000N\000L\000P\000,\000\040\0002\0000\0002\0004\000）}{subsection.2.1}% 8
\BOOKMARK [3][-]{subsubsection.2.1.3}{\376\377\000A\000u\000t\000o\000G\000P\000T\000\040\000お\000よ\000び\000\040\000A\000g\000e\000n\000t\000G\000P\000T}{subsection.2.1}% 9
\BOOKMARK [3][-]{subsubsection.2.1.4}{\376\377\000O\000p\000e\000n\000A\000I\000\040\000C\000o\000d\000e\000x\000\040\000C\000l\000o\000u\000d\000（\0002\0000\0002\0004\000-\0002\0000\0002\0005\000）}{subsection.2.1}% 10
\BOOKMARK [2][-]{subsection.2.2}{\376\377\000コ\000ー\000ド\000生\000成\000ベ\000ン\000チ\000マ\000ー\000ク}{section.2}% 11
\BOOKMARK [3][-]{subsubsection.2.2.1}{\376\377\000S\000W\000E\000-\000b\000e\000n\000c\000h\000\040\000E\000v\000o\000l\000u\000t\000i\000o\000n\000（\0002\0000\0002\0003\000-\0002\0000\0002\0005\000）}{subsection.2.2}% 12
\BOOKMARK [3][-]{subsubsection.2.2.2}{\376\377\000H\000u\000m\000a\000n\000E\000v\000a\000l\000\040\000お\000よ\000び\000\040\000M\000B\000P\000P}{subsection.2.2}% 13
\BOOKMARK [2][-]{subsection.2.3}{\376\377\000A\000I\000\040\000シ\000ス\000テ\000ム\000の\000た\000め\000の\000形\000式\000手\000法}{section.2}% 14
\BOOKMARK [3][-]{subsubsection.2.3.1}{\376\377\000G\000o\000o\000g\000l\000e\000\040\000D\000e\000e\000p\000M\000i\000n\000d\000:\000\040\000S\000t\000e\000p\000-\000b\000a\000c\000k\000\040\000P\000r\000o\000m\000p\000t\000i\000n\000g}{subsection.2.3}% 15
\BOOKMARK [3][-]{subsubsection.2.3.2}{\376\377\000G\000o\000o\000g\000l\000e\000\040\000D\000e\000e\000p\000M\000i\000n\000d\000:\000\040\000S\000E\000L\000F\000-\000D\000I\000S\000C\000O\000V\000E\000R}{subsection.2.3}% 16
\BOOKMARK [3][-]{subsubsection.2.3.3}{\376\377\000M\000e\000t\000a\000\040\000A\000I\000\040\000/\000\040\000Y\000a\000n\000n\000\040\000L\000e\000C\000u\000n\000:\000\040\000J\000E\000P\000A}{subsection.2.3}% 17
\BOOKMARK [2][-]{subsection.2.4}{\376\377\000比\000較\000要\000約}{section.2}% 18
\BOOKMARK [1][-]{section.3}{\376\377\000公\000理\000的\000基\000盤}{}% 19
\BOOKMARK [1][-]{section.4}{\376\377\000基\000本\000空\000間\000定\000義}{}% 20
\BOOKMARK [2][-]{subsection.4.1}{\376\377\000世\000界\000空\000間\000\040\000W}{section.4}% 21
\BOOKMARK [2][-]{subsection.4.2}{\376\377\000意\000図\000空\000間\000\040\000I}{section.4}% 22
\BOOKMARK [2][-]{subsection.4.3}{\376\377\000結\000果\000空\000間\000\040\000R}{section.4}% 23
\BOOKMARK [2][-]{subsection.4.4}{\376\377\000タ\000ス\000ク\000空\000間\000\040\000T}{section.4}% 24
\BOOKMARK [1][-]{section.5}{\376\377\000\040\000関\000数}{}% 25
\BOOKMARK [2][-]{subsection.5.1}{\376\377\0006\000フ\000ェ\000ー\000ズ\000分\000解}{section.5}% 26
\BOOKMARK [2][-]{subsection.5.2}{\376\377\000S\000E\000L\000F\000-\000D\000I\000S\000C\000O\000V\000E\000R\000と\000の\000統\000合}{section.5}% 27
\BOOKMARK [1][-]{section.6}{\376\377\000実\000行\000の\000代\000数\000構\000造}{}% 28
\BOOKMARK [1][-]{section.7}{\376\377\000タ\000ス\000ク\000代\000数}{}% 29
\BOOKMARK [1][-]{section.8}{\376\377\000主\000定\000理\000と\000証\000明}{}% 30
\BOOKMARK [1][-]{section.9}{\376\377\000実\000装\000マ\000ッ\000ピ\000ン\000グ}{}% 31
\BOOKMARK [2][-]{subsection.9.1}{\376\377\000R\000u\000s\000t\000型\000シ\000ス\000テ\000ム\000へ\000の\000マ\000ッ\000ピ\000ン\000グ}{section.9}% 32
\BOOKMARK [1][-]{section.10}{\376\377\000実\000験\000的\000検\000証}{}% 33
\BOOKMARK [2][-]{subsection.10.1}{\376\377\000実\000験\000セ\000ッ\000ト\000ア\000ッ\000プ}{section.10}% 34
\BOOKMARK [2][-]{subsection.10.2}{\376\377\000品\000質\000メ\000ト\000リ\000ク\000ス}{section.10}% 35
\BOOKMARK [2][-]{subsection.10.3}{\376\377\000最\000先\000端\000シ\000ス\000テ\000ム\000と\000の\000比\000較}{section.10}% 36
\BOOKMARK [1][-]{section.11}{\376\377\000自\000己\000教\000師\000あ\000り\000学\000習\000と\000世\000界\000モ\000デ\000ル\000と\000の\000接\000続}{}% 37
\BOOKMARK [2][-]{subsection.11.1}{\376\377\000世\000界\000空\000間\000a\000s\000予\000測\000モ\000デ\000ル}{section.11}% 38
\BOOKMARK [2][-]{subsection.11.2}{\376\377\000J\000E\000P\000A\000ア\000ー\000キ\000テ\000ク\000チ\000ャ\000と\000の\000比\000較}{section.11}% 39
\BOOKMARK [1][-]{section.12}{\376\377\000結\000論}{}% 40
\BOOKMARK [2][-]{subsection.12.1}{\376\377\000今\000後\000の\000展\000望}{section.12}% 41
\BOOKMARK [1][-]{section.13}{\376\377\000記\000法\000と\000記\000号}{}% 42
\BOOKMARK [2][-]{subsection.13.1}{\376\377\000空\000間}{section.13}% 43
\BOOKMARK [2][-]{subsection.13.2}{\376\377\000演\000算\000子}{section.13}% 44
\BOOKMARK [2][-]{subsection.13.3}{\376\377\000関\000数}{section.13}% 45
