\BOOKMARK [1][-]{section.1}{\376\377\000I\000n\000t\000r\000o\000d\000u\000c\000t\000i\000o\000n}{}% 1
\BOOKMARK [2][-]{subsection.1.1}{\376\377\000M\000o\000t\000i\000v\000a\000t\000i\000o\000n}{section.1}% 2
\BOOKMARK [2][-]{subsection.1.2}{\376\377\000C\000o\000n\000t\000r\000i\000b\000u\000t\000i\000o\000n\000s}{section.1}% 3
\BOOKMARK [2][-]{subsection.1.3}{\376\377\000S\000W\000M\000L\000\040\000S\000y\000s\000t\000e\000m\000\040\000O\000v\000e\000r\000v\000i\000e\000w}{section.1}% 4
\BOOKMARK [1][-]{section.2}{\376\377\000R\000e\000l\000a\000t\000e\000d\000\040\000W\000o\000r\000k}{}% 5
\BOOKMARK [2][-]{subsection.2.1}{\376\377\000A\000u\000t\000o\000n\000o\000m\000o\000u\000s\000\040\000C\000o\000d\000i\000n\000g\000\040\000A\000g\000e\000n\000t\000s}{section.2}% 6
\BOOKMARK [3][-]{subsubsection.2.1.1}{\376\377\000D\000e\000v\000i\000n\000\040\000A\000I\000\040\000\050\000C\000o\000g\000n\000i\000t\000i\000o\000n\000\040\000L\000a\000b\000s\000,\000\040\0002\0000\0002\0004\000\051}{subsection.2.1}% 7
\BOOKMARK [3][-]{subsubsection.2.1.2}{\376\377\000S\000W\000E\000-\000A\000g\000e\000n\000t\000\040\000\050\000P\000r\000i\000n\000c\000e\000t\000o\000n\000\040\000N\000L\000P\000,\000\040\0002\0000\0002\0004\000\051}{subsection.2.1}% 8
\BOOKMARK [3][-]{subsubsection.2.1.3}{\376\377\000A\000u\000t\000o\000G\000P\000T\000\040\000a\000n\000d\000\040\000A\000g\000e\000n\000t\000G\000P\000T}{subsection.2.1}% 9
\BOOKMARK [3][-]{subsubsection.2.1.4}{\376\377\000O\000p\000e\000n\000A\000I\000\040\000C\000o\000d\000e\000x\000\040\000C\000l\000o\000u\000d\000\040\000\050\0002\0000\0002\0004\000-\0002\0000\0002\0005\000\051}{subsection.2.1}% 10
\BOOKMARK [2][-]{subsection.2.2}{\376\377\000C\000o\000d\000e\000\040\000G\000e\000n\000e\000r\000a\000t\000i\000o\000n\000\040\000B\000e\000n\000c\000h\000m\000a\000r\000k\000s}{section.2}% 11
\BOOKMARK [3][-]{subsubsection.2.2.1}{\376\377\000S\000W\000E\000-\000b\000e\000n\000c\000h\000\040\000E\000v\000o\000l\000u\000t\000i\000o\000n\000\040\000\050\0002\0000\0002\0003\000-\0002\0000\0002\0005\000\051}{subsection.2.2}% 12
\BOOKMARK [3][-]{subsubsection.2.2.2}{\376\377\000H\000u\000m\000a\000n\000E\000v\000a\000l\000\040\000a\000n\000d\000\040\000M\000B\000P\000P}{subsection.2.2}% 13
\BOOKMARK [2][-]{subsection.2.3}{\376\377\000F\000o\000r\000m\000a\000l\000\040\000M\000e\000t\000h\000o\000d\000s\000\040\000f\000o\000r\000\040\000A\000I\000\040\000S\000y\000s\000t\000e\000m\000s}{section.2}% 14
\BOOKMARK [3][-]{subsubsection.2.3.1}{\376\377\000G\000o\000o\000g\000l\000e\000\040\000D\000e\000e\000p\000M\000i\000n\000d\000:\000\040\000S\000t\000e\000p\000-\000b\000a\000c\000k\000\040\000P\000r\000o\000m\000p\000t\000i\000n\000g}{subsection.2.3}% 15
\BOOKMARK [3][-]{subsubsection.2.3.2}{\376\377\000G\000o\000o\000g\000l\000e\000\040\000D\000e\000e\000p\000M\000i\000n\000d\000:\000\040\000S\000E\000L\000F\000-\000D\000I\000S\000C\000O\000V\000E\000R}{subsection.2.3}% 16
\BOOKMARK [3][-]{subsubsection.2.3.3}{\376\377\000M\000e\000t\000a\000\040\000A\000I\000\040\000/\000\040\000Y\000a\000n\000n\000\040\000L\000e\000C\000u\000n\000:\000\040\000J\000E\000P\000A}{subsection.2.3}% 17
\BOOKMARK [2][-]{subsection.2.4}{\376\377\000C\000o\000m\000p\000a\000r\000i\000s\000o\000n\000\040\000S\000u\000m\000m\000a\000r\000y}{section.2}% 18
\BOOKMARK [1][-]{section.3}{\376\377\000A\000x\000i\000o\000m\000a\000t\000i\000c\000\040\000F\000o\000u\000n\000d\000a\000t\000i\000o\000n}{}% 19
\BOOKMARK [1][-]{section.4}{\376\377\000F\000u\000n\000d\000a\000m\000e\000n\000t\000a\000l\000\040\000S\000p\000a\000c\000e\000\040\000D\000e\000f\000i\000n\000i\000t\000i\000o\000n\000s}{}% 20
\BOOKMARK [2][-]{subsection.4.1}{\376\377\000W\000o\000r\000l\000d\000\040\000S\000p\000a\000c\000e\000\040\000W}{section.4}% 21
\BOOKMARK [2][-]{subsection.4.2}{\376\377\000I\000n\000t\000e\000n\000t\000\040\000S\000p\000a\000c\000e\000\040\000I}{section.4}% 22
\BOOKMARK [2][-]{subsection.4.3}{\376\377\000R\000e\000s\000u\000l\000t\000\040\000S\000p\000a\000c\000e\000\040\000R}{section.4}% 23
\BOOKMARK [2][-]{subsection.4.4}{\376\377\000T\000a\000s\000k\000\040\000S\000p\000a\000c\000e\000\040\000T}{section.4}% 24
\BOOKMARK [1][-]{section.5}{\376\377\000T\000h\000e\000\040\000\040\000F\000u\000n\000c\000t\000i\000o\000n}{}% 25
\BOOKMARK [2][-]{subsection.5.1}{\376\377\000S\000i\000x\000-\000P\000h\000a\000s\000e\000\040\000D\000e\000c\000o\000m\000p\000o\000s\000i\000t\000i\000o\000n}{section.5}% 26
\BOOKMARK [2][-]{subsection.5.2}{\376\377\000I\000n\000t\000e\000g\000r\000a\000t\000i\000o\000n\000\040\000w\000i\000t\000h\000\040\000S\000E\000L\000F\000-\000D\000I\000S\000C\000O\000V\000E\000R}{section.5}% 27
\BOOKMARK [1][-]{section.6}{\376\377\000A\000l\000g\000e\000b\000r\000a\000i\000c\000\040\000S\000t\000r\000u\000c\000t\000u\000r\000e\000\040\000o\000f\000\040\000E\000x\000e\000c\000u\000t\000i\000o\000n}{}% 28
\BOOKMARK [1][-]{section.7}{\376\377\000T\000a\000s\000k\000\040\000A\000l\000g\000e\000b\000r\000a}{}% 29
\BOOKMARK [1][-]{section.8}{\376\377\000M\000a\000i\000n\000\040\000T\000h\000e\000o\000r\000e\000m\000s\000\040\000a\000n\000d\000\040\000P\000r\000o\000o\000f\000s}{}% 30
\BOOKMARK [1][-]{section.9}{\376\377\000I\000m\000p\000l\000e\000m\000e\000n\000t\000a\000t\000i\000o\000n\000\040\000M\000a\000p\000p\000i\000n\000g}{}% 31
\BOOKMARK [2][-]{subsection.9.1}{\376\377\000T\000y\000p\000e\000\040\000S\000y\000s\000t\000e\000m\000\040\000M\000a\000p\000p\000i\000n\000g}{section.9}% 32
\BOOKMARK [1][-]{section.10}{\376\377\000E\000x\000p\000e\000r\000i\000m\000e\000n\000t\000a\000l\000\040\000V\000a\000l\000i\000d\000a\000t\000i\000o\000n}{}% 33
\BOOKMARK [2][-]{subsection.10.1}{\376\377\000E\000x\000p\000e\000r\000i\000m\000e\000n\000t\000a\000l\000\040\000S\000e\000t\000u\000p}{section.10}% 34
\BOOKMARK [3][-]{subsubsection.10.1.1}{\376\377\000R\000e\000a\000l\000-\000w\000o\000r\000l\000d\000\040\000D\000e\000p\000l\000o\000y\000m\000e\000n\000t\000\040\000\050\000n\000=\0001\0005\0000\000\051}{subsection.10.1}% 35
\BOOKMARK [3][-]{subsubsection.10.1.2}{\376\377\000C\000o\000n\000t\000r\000o\000l\000l\000e\000d\000\040\000S\000y\000n\000t\000h\000e\000t\000i\000c\000\040\000B\000e\000n\000c\000h\000m\000a\000r\000k\000s\000\040\000\050\000n\000=\0005\0000\000\051}{subsection.10.1}% 36
\BOOKMARK [3][-]{subsubsection.10.1.3}{\376\377\000E\000v\000a\000l\000u\000a\000t\000i\000o\000n\000\040\000M\000e\000t\000r\000i\000c\000s}{subsection.10.1}% 37
\BOOKMARK [3][-]{subsubsection.10.1.4}{\376\377\000C\000o\000m\000p\000a\000r\000a\000t\000i\000v\000e\000\040\000B\000a\000s\000e\000l\000i\000n\000e\000\040\000I\000m\000p\000l\000e\000m\000e\000n\000t\000a\000t\000i\000o\000n\000s}{subsection.10.1}% 38
\BOOKMARK [2][-]{subsection.10.2}{\376\377\000Q\000u\000a\000l\000i\000t\000y\000\040\000M\000e\000t\000r\000i\000c\000s}{section.10}% 39
\BOOKMARK [3][-]{subsubsection.10.2.1}{\376\377\000S\000D\000K\000-\000B\000a\000s\000e\000d\000\040\000C\000o\000m\000p\000a\000r\000a\000t\000i\000v\000e\000\040\000R\000e\000s\000u\000l\000t\000s}{subsection.10.2}% 40
\BOOKMARK [2][-]{subsection.10.3}{\376\377\000C\000o\000n\000v\000e\000r\000g\000e\000n\000c\000e\000\040\000V\000a\000l\000i\000d\000a\000t\000i\000o\000n}{section.10}% 41
\BOOKMARK [2][-]{subsection.10.4}{\376\377\000S\000t\000e\000p\000-\000b\000a\000c\000k\000\040\000Q\000u\000e\000s\000t\000i\000o\000n\000\040\000E\000f\000f\000e\000c\000t}{section.10}% 42
\BOOKMARK [2][-]{subsection.10.5}{\376\377\000S\000E\000L\000F\000-\000D\000I\000S\000C\000O\000V\000E\000R\000\040\000I\000n\000t\000e\000g\000r\000a\000t\000i\000o\000n}{section.10}% 43
\BOOKMARK [2][-]{subsection.10.6}{\376\377\000C\000o\000m\000p\000a\000r\000i\000s\000o\000n\000\040\000w\000i\000t\000h\000\040\000S\000t\000a\000t\000e\000-\000o\000f\000-\000t\000h\000e\000-\000A\000r\000t}{section.10}% 44
\BOOKMARK [2][-]{subsection.10.7}{\376\377\000D\000e\000t\000a\000i\000l\000e\000d\000\040\000S\000t\000a\000t\000i\000s\000t\000i\000c\000a\000l\000\040\000A\000n\000a\000l\000y\000s\000i\000s}{section.10}% 45
\BOOKMARK [3][-]{subsubsection.10.7.1}{\376\377\000T\000a\000s\000k\000\040\000D\000i\000s\000t\000r\000i\000b\000u\000t\000i\000o\000n}{subsection.10.7}% 46
\BOOKMARK [3][-]{subsubsection.10.7.2}{\376\377\000Q\000u\000a\000l\000i\000t\000y\000\040\000S\000c\000o\000r\000e\000\040\000D\000i\000s\000t\000r\000i\000b\000u\000t\000i\000o\000n}{subsection.10.7}% 47
\BOOKMARK [3][-]{subsubsection.10.7.3}{\376\377\000C\000o\000n\000v\000e\000r\000g\000e\000n\000c\000e\000\040\000S\000t\000a\000t\000i\000s\000t\000i\000c\000s}{subsection.10.7}% 48
\BOOKMARK [3][-]{subsubsection.10.7.4}{\376\377\000E\000x\000e\000c\000u\000t\000i\000o\000n\000\040\000T\000i\000m\000e\000\040\000A\000n\000a\000l\000y\000s\000i\000s}{subsection.10.7}% 49
\BOOKMARK [3][-]{subsubsection.10.7.5}{\376\377\000P\000h\000a\000s\000e\000-\000w\000i\000s\000e\000\040\000B\000r\000e\000a\000k\000d\000o\000w\000n}{subsection.10.7}% 50
\BOOKMARK [3][-]{subsubsection.10.7.6}{\376\377\000C\000o\000r\000r\000e\000l\000a\000t\000i\000o\000n\000\040\000A\000n\000a\000l\000y\000s\000i\000s}{subsection.10.7}% 51
\BOOKMARK [2][-]{subsection.10.8}{\376\377\000S\000a\000f\000e\000t\000y\000\040\000V\000a\000l\000i\000d\000a\000t\000i\000o\000n}{section.10}% 52
\BOOKMARK [1][-]{section.11}{\376\377\000C\000o\000n\000n\000e\000c\000t\000i\000o\000n\000s\000\040\000t\000o\000\040\000S\000e\000l\000f\000-\000S\000u\000p\000e\000r\000v\000i\000s\000e\000d\000\040\000L\000e\000a\000r\000n\000i\000n\000g\000\040\000a\000n\000d\000\040\000W\000o\000r\000l\000d\000\040\000M\000o\000d\000e\000l\000s}{}% 53
\BOOKMARK [2][-]{subsection.11.1}{\376\377\000W\000o\000r\000l\000d\000\040\000S\000p\000a\000c\000e\000\040\000a\000s\000\040\000P\000r\000e\000d\000i\000c\000t\000i\000v\000e\000\040\000M\000o\000d\000e\000l}{section.11}% 54
\BOOKMARK [2][-]{subsection.11.2}{\376\377\000E\000n\000e\000r\000g\000y\000-\000B\000a\000s\000e\000d\000\040\000I\000n\000t\000e\000r\000p\000r\000e\000t\000a\000t\000i\000o\000n}{section.11}% 55
\BOOKMARK [2][-]{subsection.11.3}{\376\377\000S\000e\000l\000f\000-\000S\000u\000p\000e\000r\000v\000i\000s\000e\000d\000\040\000L\000e\000a\000r\000n\000i\000n\000g\000\040\000f\000r\000o\000m\000\040\000E\000x\000e\000c\000u\000t\000i\000o\000n\000\040\000H\000i\000s\000t\000o\000r\000y}{section.11}% 56
\BOOKMARK [2][-]{subsection.11.4}{\376\377\000H\000i\000e\000r\000a\000r\000c\000h\000i\000c\000a\000l\000\040\000P\000l\000a\000n\000n\000i\000n\000g\000\040\000v\000s\000.\000\040\000A\000u\000t\000o\000r\000e\000g\000r\000e\000s\000s\000i\000v\000e\000\040\000G\000e\000n\000e\000r\000a\000t\000i\000o\000n}{section.11}% 57
\BOOKMARK [2][-]{subsection.11.5}{\376\377\000C\000o\000m\000p\000a\000r\000i\000s\000o\000n\000\040\000w\000i\000t\000h\000\040\000J\000E\000P\000A\000\040\000A\000r\000c\000h\000i\000t\000e\000c\000t\000u\000r\000e}{section.11}% 58
\BOOKMARK [2][-]{subsection.11.6}{\376\377\000I\000m\000p\000l\000i\000c\000a\000t\000i\000o\000n\000s\000\040\000f\000o\000r\000\040\000L\000L\000M\000\040\000A\000r\000c\000h\000i\000t\000e\000c\000t\000u\000r\000e}{section.11}% 59
\BOOKMARK [1][-]{section.12}{\376\377\000C\000o\000n\000c\000l\000u\000s\000i\000o\000n}{}% 60
\BOOKMARK [1][-]{appendix.A}{\376\377\000N\000o\000t\000a\000t\000i\000o\000n\000\040\000a\000n\000d\000\040\000S\000y\000m\000b\000o\000l\000s}{}% 61
\BOOKMARK [2][-]{subsection.A.1}{\376\377\000S\000p\000a\000c\000e\000s}{appendix.A}% 62
\BOOKMARK [2][-]{subsection.A.2}{\376\377\000O\000p\000e\000r\000a\000t\000o\000r\000s}{appendix.A}% 63
\BOOKMARK [2][-]{subsection.A.3}{\376\377\000F\000u\000n\000c\000t\000i\000o\000n\000s}{appendix.A}% 64
