\BOOKMARK [0][-]{chapter.1}{\376\377\060\250\060\260\060\274\060\257\060\306\060\243\060\326\060\265\060\336\060\352\060\374}{}% 1
\BOOKMARK [1][-]{section.1.1}{\376\377\210\375\124\301\151\202\211\201}{chapter.1}% 2
\BOOKMARK [2][-]{subsection.1.1.1}{\376\377\136\002\130\064\152\137\117\032}{section.1.1}% 3
\BOOKMARK [2][-]{subsection.1.1.2}{\376\377\123\316\166\312\116\210\156\054}{section.1.1}% 4
\BOOKMARK [1][-]{section.1.2}{\376\377\0003\060\144\060\156\135\356\122\045\123\026\060\335\060\244\060\363\060\310}{chapter.1}% 5
\BOOKMARK [2][-]{subsection.1.2.1}{\376\377\0001\000.\000\040\060\336\060\353\060\301\060\327\060\351\060\303\060\310\060\325\060\251\060\374\060\340\133\376\137\334}{section.1.2}% 6
\BOOKMARK [2][-]{subsection.1.2.2}{\376\377\0002\000.\000\040\000A\000I\060\250\060\374\060\270\060\247\060\363\060\310\175\161\124\010}{section.1.2}% 7
\BOOKMARK [2][-]{subsection.1.2.3}{\376\377\0003\000.\000\040\000T\000C\000G\060\271\060\277\060\244\060\353\060\156\151\175\060\127\060\104\117\123\232\023}{section.1.2}% 8
\BOOKMARK [0][-]{chapter.2}{\376\377\000P\000h\000a\000s\000e\000\040\0001\000-\0004\000:\000\040\060\325\060\241\060\363\060\307\060\374\060\267\060\347\060\363}{}% 9
\BOOKMARK [1][-]{section.2.1}{\376\377\000P\000h\000a\000s\000e\000\040\0001\000:\000\040\201\352\135\361\122\006\147\220}{chapter.2}% 10
\BOOKMARK [1][-]{section.2.2}{\376\377\000P\000h\000a\000s\000e\000\040\0002\000:\000\040\136\002\130\064\212\277\147\373}{chapter.2}% 11
\BOOKMARK [2][-]{subsection.2.2.1}{\376\377\000T\000A\000M\000/\000S\000A\000M\000/\000S\000O\000M\122\006\147\220}{section.2.2}% 12
\BOOKMARK [1][-]{section.2.3}{\376\377\000P\000h\000a\000s\000e\000\040\0003\000:\000\040\060\332\060\353\060\275\060\312\212\055\212\010}{chapter.2}% 13
\BOOKMARK [2][-]{subsection.2.3.1}{\376\377\060\332\060\353\060\275\060\312\0001\000:\000\040\060\137\060\113\060\127\060\125\060\223\377\010\0002\0008\153\163\060\373\060\325\060\352\060\374\060\351\060\363\060\271\377\011}{section.2.3}% 14
\BOOKMARK [2][-]{subsection.2.3.2}{\376\377\060\332\060\353\060\275\060\312\0002\000:\000\040\060\125\060\206\060\212\060\125\060\223\377\010\0003\0005\153\163\060\373\060\271\060\277\060\374\060\310\060\242\060\303\060\327\000C\000T\000O\377\011}{section.2.3}% 15
\BOOKMARK [1][-]{section.2.4}{\376\377\000P\000h\000a\000s\000e\000\040\0004\000:\000\040\060\327\060\355\060\300\060\257\060\310\060\263\060\363\060\273\060\327\060\310}{chapter.2}% 16
\BOOKMARK [2][-]{subsection.2.4.1}{\376\377\060\323\060\270\060\315\060\271\060\342\060\307\060\353\060\255\060\343\060\363\060\320\060\271\151\202\211\201}{section.2.4}% 17
\BOOKMARK [0][-]{chapter.3}{\376\377\000P\000h\000a\000s\000e\000\040\0005\000-\0006\000:\000\040\060\327\060\355\060\300\060\257\060\310\212\055\212\010}{}% 18
\BOOKMARK [1][-]{section.3.1}{\376\377\000P\000h\000a\000s\000e\000\040\0005\000:\000\040\060\265\060\374\060\323\060\271\212\163\175\060\212\055\212\010}{chapter.3}% 19
\BOOKMARK [2][-]{subsection.3.1.1}{\376\377\117\241\150\074\212\055\133\232}{section.3.1}% 20
\BOOKMARK [2][-]{subsection.3.1.2}{\376\377\000U\000n\000i\000t\000\040\000E\000c\000o\000n\000o\000m\000i\000c\000s}{section.3.1}% 21
\BOOKMARK [1][-]{section.3.2}{\376\377\000P\000h\000a\000s\000e\000\040\0006\000:\000\040\060\263\060\363\060\306\060\363\060\304\122\066\117\134}{chapter.3}% 22
\BOOKMARK [2][-]{subsection.3.2.1}{\376\377\060\263\060\363\060\306\060\363\060\304\060\253\060\354\060\363\060\300\060\374\377\010\0006\060\366\147\010\377\011}{section.3.2}% 23
\BOOKMARK [0][-]{chapter.4}{\376\377\000P\000h\000a\000s\000e\000\040\0007\000-\0008\000:\000\040\060\336\060\374\060\261\060\306\060\243\060\363\060\260\142\046\165\145}{}% 24
\BOOKMARK [1][-]{section.4.1}{\376\377\000P\000h\000a\000s\000e\000\040\0007\000:\000\040\060\325\060\241\060\315\060\353\212\055\212\010}{chapter.4}% 25
\BOOKMARK [2][-]{subsection.4.1.1}{\376\377\0006\060\271\060\306\060\374\060\270\060\325\060\241\060\315\060\353}{section.4.1}% 26
\BOOKMARK [1][-]{section.4.2}{\376\377\000P\000h\000a\000s\000e\000\040\0008\000:\000\040\000S\000N\000S\142\046\165\145}{chapter.4}% 27
\BOOKMARK [2][-]{subsection.4.2.1}{\376\377\060\327\060\351\060\303\060\310\060\325\060\251\060\374\060\340\122\045\166\356\152\031\377\010\000M\000o\000n\000t\000h\000\040\0006\377\011}{section.4.2}% 28
\BOOKMARK [2][-]{subsection.4.2.2}{\376\377\060\263\060\363\060\306\060\363\060\304\060\337\060\303\060\257\060\271}{section.4.2}% 29
\BOOKMARK [0][-]{chapter.5}{\376\377\000P\000h\000a\000s\000e\000\040\0009\000-\0001\0000\000:\000\040\060\273\060\374\060\353\060\271\142\046\165\145}{}% 30
\BOOKMARK [1][-]{section.5.1}{\376\377\000P\000h\000a\000s\000e\000\040\0009\000:\000\040\060\336\060\374\060\261\060\306\060\243\060\363\060\260\145\275\173\126}{chapter.5}% 31
\BOOKMARK [2][-]{subsection.5.1.1}{\376\377\0007\000P\122\006\147\220}{section.5.1}% 32
\BOOKMARK [1][-]{section.5.2}{\376\377\000P\000h\000a\000s\000e\000\040\0001\0000\000:\000\040\060\273\060\374\060\353\060\271\142\046\165\145}{chapter.5}% 33
\BOOKMARK [2][-]{subsection.5.2.1}{\376\377\060\273\060\260\060\341\060\363\060\310\122\045\060\273\060\374\060\353\060\271\060\342\060\374\060\267\060\347\060\363}{section.5.2}% 34
\BOOKMARK [2][-]{subsection.5.2.2}{\376\377\060\321\060\244\060\327\060\351\060\244\060\363\216\342\143\333\163\207}{section.5.2}% 35
\BOOKMARK [0][-]{chapter.6}{\376\377\000P\000h\000a\000s\000e\000\040\0001\0001\000-\0001\0002\000:\000\040\060\252\060\332\060\354\060\374\060\267\060\347\060\363}{}% 36
\BOOKMARK [1][-]{section.6.1}{\376\377\000P\000h\000a\000s\000e\000\040\0001\0001\000:\000\040\000C\000R\000M\060\373\230\147\133\242\173\241\164\006}{chapter.6}% 37
\BOOKMARK [2][-]{subsection.6.1.1}{\376\377\000C\000S\175\104\176\124\151\313\142\020\377\010\000Y\000e\000a\000r\000\040\0003\377\011}{section.6.1}% 38
\BOOKMARK [2][-]{subsection.6.1.2}{\376\377\000H\000e\000a\000l\000t\000h\000\040\000S\000c\000o\000r\000e\212\055\212\010}{section.6.1}% 39
\BOOKMARK [2][-]{subsection.6.1.3}{\376\377\060\352\060\271\060\257\060\354\060\331\060\353\133\376\137\334}{section.6.1}% 40
\BOOKMARK [1][-]{section.6.2}{\376\377\000P\000h\000a\000s\000e\000\040\0001\0002\000:\000\040\060\307\060\374\060\277\122\006\147\220\060\373\000P\000D\000C\000A}{chapter.6}% 41
\BOOKMARK [2][-]{subsection.6.2.1}{\376\377\060\307\060\374\060\277\060\242\060\374\060\255\060\306\060\257\060\301\060\343}{section.6.2}% 42
\BOOKMARK [2][-]{subsection.6.2.2}{\376\377\000N\000o\000r\000t\000h\000\040\000S\000t\000a\000r\000\040\000M\000e\000t\000r\000i\000c}{section.6.2}% 43
\BOOKMARK [0][-]{chapter.7}{\376\377\214\241\122\331\212\010\165\073}{}% 44
\BOOKMARK [1][-]{section.7.1}{\376\377\0003\136\164\123\316\166\312\116\210\156\054}{chapter.7}% 45
\BOOKMARK [1][-]{section.7.2}{\376\377\214\307\221\321\212\277\220\124\212\010\165\073}{chapter.7}% 46
\BOOKMARK [2][-]{subsection.7.2.1}{\376\377\000Y\000e\000a\000r\000\040\0001\000:\000\040\060\267\060\374\060\311\060\351\060\246\060\363\060\311}{section.7.2}% 47
\BOOKMARK [2][-]{subsection.7.2.2}{\376\377\000Y\000e\000a\000r\000\040\0002\000:\000\040\060\267\060\352\060\374\060\272\000A}{section.7.2}% 48
\BOOKMARK [2][-]{subsection.7.2.3}{\376\377\000Y\000e\000a\000r\000\040\0003\000:\000\040\236\322\133\127\123\026}{section.7.2}% 49
\BOOKMARK [1][-]{section.7.3}{\376\377\000R\000u\000l\000e\000\040\000o\000f\000\040\0004\0000}{chapter.7}% 50
\BOOKMARK [0][-]{chapter.8}{\376\377\0006\060\366\147\010\060\355\060\374\060\311\060\336\060\303\060\327}{}% 51
\BOOKMARK [1][-]{section.8.1}{\376\377\000M\000o\000n\000t\000h\000\040\0001\000-\0002\000:\000\040\000M\000V\000P\151\313\173\311}{chapter.8}% 52
\BOOKMARK [1][-]{section.8.2}{\376\377\000M\000o\000n\000t\000h\000\040\0003\000-\0004\000:\000\040\060\321\060\326\060\352\060\303\060\257\060\355\060\374\060\363\060\301}{chapter.8}% 53
\BOOKMARK [1][-]{section.8.3}{\376\377\000M\000o\000n\000t\000h\000\040\0005\000-\0006\000:\000\040\060\250\060\263\060\267\060\271\060\306\060\340\142\341\131\047}{chapter.8}% 54
\BOOKMARK [0][-]{chapter.9}{\376\377\060\176\060\150\060\201}{}% 55
\BOOKMARK [1][-]{section.9.1}{\376\377\142\225\214\307\060\317\060\244\060\351\060\244\060\310}{chapter.9}% 56
\BOOKMARK [1][-]{section.9.2}{\376\377\000N\000e\000x\000t\000\040\000S\000t\000e\000p\000s}{chapter.9}% 57
