\BOOKMARK [1][-]{section.1}{\376\377\060\157\060\130\060\201\060\153}{}% 1
\BOOKMARK [2][-]{subsection.1.1}{\376\377\000M\000i\000y\000a\000b\000i\060\327\060\351\060\303\060\310\060\325\060\251\060\374\060\340\151\202\211\201}{section.1}% 2
\BOOKMARK [2][-]{subsection.1.2}{\376\377\000C\000C\000G\060\150\000C\000G\060\156\133\232\177\251}{section.1}% 3
\BOOKMARK [2][-]{subsection.1.3}{\376\377\147\054\060\311\060\255\060\345\060\341\060\363\060\310\060\156\166\356\166\204}{section.1}% 4
\BOOKMARK [1][-]{section.2}{\376\377\000C\000l\000a\000u\000d\000e\000\040\000C\000o\000d\000e\377\010\000C\000C\000G\377\011\060\242\060\374\060\255\060\306\060\257\060\301\060\343}{}% 5
\BOOKMARK [2][-]{subsection.2.1}{\376\377\060\263\060\242\060\341\060\253\060\313\060\272\060\340}{section.2}% 6
\BOOKMARK [2][-]{subsection.2.2}{\376\377\175\104\060\177\217\274\060\177\060\265\060\326\060\250\060\374\060\270\060\247\060\363\060\310\060\277\060\244\060\327}{section.2}% 7
\BOOKMARK [2][-]{subsection.2.3}{\376\377\060\253\060\271\060\277\060\340\060\265\060\326\060\250\060\374\060\270\060\247\060\363\060\310\212\055\133\232}{section.2}% 8
\BOOKMARK [2][-]{subsection.2.4}{\376\377\000C\000l\000a\000u\000d\000e\000\040\000A\000g\000e\000n\000t\000\040\000S\000D\000K\060\242\060\374\060\255\060\306\060\257\060\301\060\343}{section.2}% 9
\BOOKMARK [3][-]{subsubsection.2.4.1}{\376\377\000P\000y\000t\000h\000o\000n\000\040\000S\000D\000K\117\177\165\050\117\213}{subsection.2.4}% 10
\BOOKMARK [2][-]{subsection.2.5}{\376\377\220\032\117\341\060\321\060\277\060\374\060\363}{section.2}% 11
\BOOKMARK [1][-]{section.3}{\376\377\000O\000p\000e\000n\000A\000I\000\040\000C\000o\000d\000e\000x\377\010\000C\000G\377\011\060\242\060\374\060\255\060\306\060\257\060\301\060\343}{}% 12
\BOOKMARK [2][-]{subsection.3.1}{\376\377\060\263\060\242\060\341\060\253\060\313\060\272\060\340}{section.3}% 13
\BOOKMARK [2][-]{subsection.3.2}{\376\377\060\250\060\374\060\270\060\247\060\363\060\310\212\055\133\232}{section.3}% 14
\BOOKMARK [2][-]{subsection.3.3}{\376\377\060\336\060\353\060\301\060\250\060\374\060\270\060\247\060\363\060\310\060\252\060\374\060\261\060\271\060\310\060\354\060\374\060\267\060\347\060\363}{section.3}% 15
\BOOKMARK [3][-]{subsubsection.3.3.1}{\376\377\000A\000g\000e\000n\000t\000s\000\040\000S\000D\000K\175\161\124\010}{subsection.3.3}% 16
\BOOKMARK [2][-]{subsection.3.4}{\376\377\060\265\060\363\060\311\060\334\060\303\060\257\060\271\060\150\152\051\226\120}{section.3}% 17
\BOOKMARK [1][-]{section.4}{\376\377\000C\000C\000G\000\040\000+\000\040\000C\000G\000\040\123\124\212\277\060\242\060\374\060\255\060\306\060\257\060\301\060\343}{}% 18
\BOOKMARK [2][-]{subsection.4.1}{\376\377\060\317\060\244\060\326\060\352\060\303\060\311\060\252\060\374\060\261\060\271\060\310\060\354\060\374\060\267\060\347\060\363\060\342\060\307\060\353}{section.4}% 19
\BOOKMARK [2][-]{subsection.4.2}{\376\377\137\171\122\162\133\232\177\251}{section.4}% 20
\BOOKMARK [2][-]{subsection.4.3}{\376\377\123\124\212\277\060\321\060\277\060\374\060\363}{section.4}% 21
\BOOKMARK [3][-]{subsubsection.4.3.1}{\376\377\060\321\060\277\060\374\060\363\0001\000:\000\040\060\267\060\374\060\261\060\363\060\267\060\343\060\353\060\317\060\363\060\311\060\252\060\325}{subsection.4.3}% 22
\BOOKMARK [3][-]{subsubsection.4.3.2}{\376\377\060\321\060\277\060\374\060\363\0002\000:\000\040\116\046\122\027\133\237\210\114}{subsection.4.3}% 23
\BOOKMARK [3][-]{subsubsection.4.3.3}{\376\377\060\321\060\277\060\374\060\363\0003\000:\000\040\172\366\124\010\151\034\212\074}{subsection.4.3}% 24
\BOOKMARK [2][-]{subsection.4.4}{\376\377\000A\0002\000A\060\327\060\355\060\310\060\263\060\353\175\161\124\010}{section.4}% 25
\BOOKMARK [1][-]{section.5}{\376\377\133\237\210\305\060\254\060\244\060\311\060\351\060\244\060\363}{}% 26
\BOOKMARK [2][-]{subsection.5.1}{\376\377\000M\000i\000y\000a\000b\000i\175\161\124\010\142\113\230\006}{section.5}% 27
\BOOKMARK [2][-]{subsection.5.2}{\376\377\212\055\133\232\060\325\060\241\060\244\060\353}{section.5}% 28
\BOOKMARK [3][-]{subsubsection.5.2.1}{\376\377\000C\000C\000G\212\055\133\232\377\010\000.\000c\000l\000a\000u\000d\000e\000/\000a\000g\000e\000n\000t\000s\000/\000m\000i\000y\000a\000b\000i\000-\000c\000o\000o\000r\000d\000i\000n\000a\000t\000o\000r\000.\000m\000d\377\011}{subsection.5.2}% 29
\BOOKMARK [3][-]{subsubsection.5.2.2}{\376\377\000C\000G\212\055\133\232\377\010\000\176\000/\000.\000c\000o\000d\000e\000x\000/\000a\000g\000e\000n\000t\000s\000.\000t\000o\000m\000l\377\011}{subsection.5.2}% 30
\BOOKMARK [2][-]{subsection.5.3}{\376\377\000M\000C\000P\060\265\060\374\060\320\060\374\212\055\133\232}{section.5}% 31
\BOOKMARK [1][-]{section.6}{\376\377\060\331\060\271\060\310\060\327\060\351\060\257\060\306\060\243\060\271}{}% 32
\BOOKMARK [2][-]{subsection.6.1}{\376\377\060\250\060\374\060\270\060\247\060\363\060\310\212\055\212\010\060\321\060\277\060\374\060\363}{section.6}% 33
\BOOKMARK [3][-]{subsubsection.6.1.1}{\376\377\000E\000x\000p\000l\000o\000r\000e\000-\000P\000l\000a\000n\000-\000C\000o\000d\000e\000-\000C\000o\000m\000m\000i\000t\000\040\060\357\060\374\060\257\060\325\060\355\060\374}{subsection.6.1}% 34
\BOOKMARK [3][-]{subsubsection.6.1.2}{\376\377\060\306\060\271\060\310\231\306\122\325\225\213\166\172\377\010\000T\000D\000D\377\011\060\321\060\277\060\374\060\363}{subsection.6.1}% 35
\BOOKMARK [3][-]{subsubsection.6.1.3}{\376\377\175\024\174\213\060\252\060\374\060\261\060\271\060\310\060\354\060\374\060\277\060\374\060\321\060\277\060\374\060\363}{subsection.6.1}% 36
\BOOKMARK [2][-]{subsection.6.2}{\376\377\060\263\060\363\060\306\060\255\060\271\060\310\173\241\164\006}{section.6}% 37
\BOOKMARK [3][-]{subsubsection.6.2.1}{\376\377\060\263\060\363\060\306\060\255\060\271\060\310\122\006\226\342\060\156\123\237\122\107}{subsection.6.2}% 38
\BOOKMARK [3][-]{subsubsection.6.2.2}{\376\377\000C\000L\000A\000U\000D\000E\000.\000m\000d\060\153\060\210\060\213\152\031\156\226\123\026}{subsection.6.2}% 39
\BOOKMARK [3][-]{subsubsection.6.2.3}{\376\377\060\263\060\363\060\306\060\255\060\271\060\310\060\263\060\363\060\321\060\257\060\267\060\347\060\363}{subsection.6.2}% 40
\BOOKMARK [3][-]{subsubsection.6.2.4}{\376\377\225\167\146\102\225\223\060\273\060\303\060\267\060\347\060\363\060\147\060\156\173\241\164\006}{subsection.6.2}% 41
\BOOKMARK [2][-]{subsection.6.3}{\376\377\060\277\060\271\060\257\060\353\060\374\060\306\060\243\060\363\060\260\142\046\165\145}{section.6}% 42
\BOOKMARK [3][-]{subsubsection.6.3.1}{\376\377\212\163\175\060\060\152\060\353\060\374\060\306\060\243\060\363\060\260\060\336\060\310\060\352\060\303\060\257\060\271}{subsection.6.3}% 43
\BOOKMARK [3][-]{subsubsection.6.3.2}{\376\377\122\325\166\204\060\353\060\374\060\306\060\243\060\363\060\260\060\355\060\270\060\303\060\257}{subsection.6.3}% 44
\BOOKMARK [3][-]{subsubsection.6.3.3}{\376\377\060\342\060\307\060\353\220\170\142\236\060\254\060\244\060\311\060\351\060\244\060\363}{subsection.6.3}% 45
\BOOKMARK [2][-]{subsection.6.4}{\376\377\060\250\060\351\060\374\060\317\060\363\060\311\060\352\060\363\060\260\060\150\060\352\060\253\060\320\060\352\060\374}{section.6}% 46
\BOOKMARK [3][-]{subsubsection.6.4.1}{\376\377\131\032\134\144\060\250\060\351\060\374\060\317\060\363\060\311\060\352\060\363\060\260}{subsection.6.4}% 47
\BOOKMARK [3][-]{subsubsection.6.4.2}{\376\377\060\301\060\247\060\303\060\257\060\335\060\244\060\363\060\310\060\150\060\352\060\253\060\320\060\352\060\374}{subsection.6.4}% 48
\BOOKMARK [3][-]{subsubsection.6.4.3}{\376\377\201\352\135\361\117\356\137\251\060\321\060\277\060\374\060\363}{subsection.6.4}% 49
\BOOKMARK [2][-]{subsection.6.5}{\376\377\060\321\060\325\060\251\060\374\060\336\060\363\060\271\147\000\220\151\123\026}{section.6}% 50
\BOOKMARK [3][-]{subsubsection.6.5.1}{\376\377\116\046\122\027\133\237\210\114\060\156\147\000\220\151\123\026}{subsection.6.5}% 51
\BOOKMARK [3][-]{subsubsection.6.5.2}{\376\377\060\310\060\374\060\257\060\363\122\271\163\207\123\026}{subsection.6.5}% 52
\BOOKMARK [3][-]{subsubsection.6.5.3}{\376\377\142\341\137\065\140\035\200\003\060\342\060\374\060\311\060\156\155\073\165\050}{subsection.6.5}% 53
\BOOKMARK [2][-]{subsection.6.6}{\376\377\060\273\060\255\060\345\060\352\060\306\060\243\060\150\152\051\226\120\173\241\164\006}{section.6}% 54
\BOOKMARK [3][-]{subsubsection.6.6.1}{\376\377\147\000\134\017\152\051\226\120\060\156\123\237\122\107}{subsection.6.6}% 55
\BOOKMARK [3][-]{subsubsection.6.6.2}{\376\377\123\161\226\172\060\152\060\263\060\336\060\363\060\311\060\156\060\326\060\355\060\303\060\257}{subsection.6.6}% 56
\BOOKMARK [3][-]{subsubsection.6.6.3}{\376\377\152\137\133\306\140\305\130\061\060\156\117\335\213\167}{subsection.6.6}% 57
\BOOKMARK [2][-]{subsection.6.7}{\376\377\166\343\211\226\060\150\123\357\211\263\156\054\140\047}{section.6}% 58
\BOOKMARK [3][-]{subsubsection.6.7.1}{\376\377\123\005\142\354\166\204\060\355\060\260\212\030\223\062}{subsection.6.7}% 59
\BOOKMARK [3][-]{subsubsection.6.7.2}{\376\377\060\341\060\310\060\352\060\257\060\271\123\316\226\306}{subsection.6.7}% 60
\BOOKMARK [3][-]{subsubsection.6.7.3}{\376\377\060\242\060\351\060\374\060\310\212\055\133\232}{subsection.6.7}% 61
\BOOKMARK [2][-]{subsection.6.8}{\376\377\060\242\060\363\060\301\060\321\060\277\060\374\060\363}{section.6}% 62
\BOOKMARK [3][-]{subsubsection.6.8.1}{\376\377\060\242\060\363\060\301\060\321\060\277\060\374\060\363\060\156\117\356\153\143\117\213}{subsection.6.8}% 63
\BOOKMARK [2][-]{subsection.6.9}{\376\377\060\257\060\355\060\271\060\267\060\271\060\306\060\340\123\124\212\277\060\156\060\331\060\271\060\310\060\327\060\351\060\257\060\306\060\243\060\271}{section.6}% 64
\BOOKMARK [3][-]{subsubsection.6.9.1}{\376\377\060\307\060\374\060\277\137\142\137\017\060\156\152\031\156\226\123\026}{subsection.6.9}% 65
\BOOKMARK [3][-]{subsubsection.6.9.2}{\376\377\060\317\060\363\060\311\060\252\060\325\060\327\060\355\060\310\060\263\060\353}{subsection.6.9}% 66
\BOOKMARK [1][-]{section.7}{\376\377\122\066\226\120\116\213\230\005\060\150\122\066\175\004}{}% 67
\BOOKMARK [2][-]{subsection.7.1}{\376\377\000C\000C\000G\060\156\122\066\226\120}{section.7}% 68
\BOOKMARK [2][-]{subsection.7.2}{\376\377\000C\000G\060\156\122\066\226\120}{section.7}% 69
\BOOKMARK [2][-]{subsection.7.3}{\376\377\060\257\060\355\060\271\060\267\060\271\060\306\060\340\122\066\175\004}{section.7}% 70
\BOOKMARK [1][-]{section.8}{\376\377\175\120\212\326}{}% 71
\BOOKMARK [1][-]{appendix.A}{\376\377\116\330\223\062\000A\000:\000\040\212\163\175\060\060\273\060\255\060\345\060\352\060\306\060\243\133\237\210\305}{}% 72
\BOOKMARK [2][-]{subsection.A.1}{\376\377\131\032\134\144\226\062\137\241\060\242\060\374\060\255\060\306\060\257\060\301\060\343}{appendix.A}% 73
\BOOKMARK [2][-]{subsection.A.2}{\376\377\060\327\060\355\060\363\060\327\060\310\060\244\060\363\060\270\060\247\060\257\060\267\060\347\060\363\133\376\173\126}{appendix.A}% 74
\BOOKMARK [2][-]{subsection.A.3}{\376\377\060\265\060\363\060\311\060\334\060\303\060\257\060\271\133\237\210\114\164\260\130\203}{appendix.A}% 75
\BOOKMARK [2][-]{subsection.A.4}{\376\377\152\137\133\306\140\305\130\061\117\335\213\167}{appendix.A}% 76
\BOOKMARK [1][-]{appendix.B}{\376\377\116\330\223\062\000B\000:\000\040\133\237\210\305\060\352\060\325\060\241\060\354\060\363\060\271}{}% 77
\BOOKMARK [2][-]{subsection.B.1}{\376\377\060\325\060\241\060\244\060\353\151\313\142\020}{appendix.B}% 78
\BOOKMARK [2][-]{subsection.B.2}{\376\377\060\257\060\244\060\303\060\257\060\271\060\277\060\374\060\310}{appendix.B}% 79
\BOOKMARK [2][-]{subsection.B.3}{\376\377\116\073\211\201\060\257\060\351\060\271\060\352\060\325\060\241\060\354\060\363\060\271}{appendix.B}% 80
\BOOKMARK [3][-]{subsubsection.B.3.1}{\376\377\000M\000u\000l\000t\000i\000A\000g\000e\000n\000t\000O\000r\000c\000h\000e\000s\000t\000r\000a\000t\000o\000r}{subsection.B.3}% 81
\BOOKMARK [3][-]{subsubsection.B.3.2}{\376\377\000C\000o\000n\000t\000e\000x\000t\000M\000a\000n\000a\000g\000e\000r}{subsection.B.3}% 82
\BOOKMARK [3][-]{subsubsection.B.3.3}{\376\377\000E\000r\000r\000o\000r\000H\000a\000n\000d\000l\000i\000n\000g\000F\000r\000a\000m\000e\000w\000o\000r\000k}{subsection.B.3}% 83
\BOOKMARK [2][-]{subsection.B.4}{\376\377\225\242\220\043\060\311\060\255\060\345\060\341\060\363\060\310}{appendix.B}% 84
