\BOOKMARK [1][-]{section.1}{\376\377\060\250\060\260\060\274\060\257\060\306\060\243\060\326\060\265\060\336\060\352\060\374}{}% 1
\BOOKMARK [2][-]{subsection.1.1}{\376\377\116\073\211\201\142\020\147\234}{section.1}% 2
\BOOKMARK [2][-]{subsection.1.2}{\376\377\221\315\211\201\143\007\152\031}{section.1}% 3
\BOOKMARK [2][-]{subsection.1.3}{\376\377\153\041\060\156\060\271\060\306\060\303\060\327}{section.1}% 4
\BOOKMARK [1][-]{section.2}{\376\377\000A\000P\000I\000\040\000K\000e\000y\000s\000\040\060\273\060\303\060\310\060\242\060\303\060\327}{}% 5
\BOOKMARK [2][-]{subsection.2.1}{\376\377\000O\000p\000e\000n\000A\000I\000\040\000A\000P\000I}{section.2}% 6
\BOOKMARK [3][-]{subsubsection.2.1.1}{\376\377\000A\000W\000S\000\040\000S\000e\000c\000r\000e\000t\000s\000\040\000M\000a\000n\000a\000g\000e\000r\060\170\060\156\117\335\133\130}{subsection.2.1}% 7
\BOOKMARK [3][-]{subsubsection.2.1.2}{\376\377\123\326\137\227\145\271\154\325}{subsection.2.1}% 8
\BOOKMARK [2][-]{subsection.2.2}{\376\377\000A\000W\000S\000\040\000B\000e\000d\000r\000o\000c\000k\000\040\000\050\000C\000l\000a\000u\000d\000e\000\051}{section.2}% 9
\BOOKMARK [3][-]{subsubsection.2.2.1}{\376\377\122\051\165\050\123\357\200\375\060\342\060\307\060\353\116\000\211\247}{subsection.2.2}% 10
\BOOKMARK [3][-]{subsubsection.2.2.2}{\376\377\060\306\060\271\060\310\175\120\147\234}{subsection.2.2}% 11
\BOOKMARK [3][-]{subsubsection.2.2.3}{\376\377\117\177\165\050\145\271\154\325\377\010\000P\000y\000t\000h\000o\000n\377\011}{subsection.2.2}% 12
\BOOKMARK [1][-]{section.3}{\376\377\060\267\060\271\060\306\060\340\060\242\060\374\060\255\060\306\060\257\060\301\060\343}{}% 13
\BOOKMARK [2][-]{subsection.3.1}{\376\377\163\376\127\050\060\156\151\313\142\020\377\010\0003\060\336\060\267\060\363\151\313\142\020\377\011}{section.3}% 14
\BOOKMARK [3][-]{subsubsection.3.1.1}{\376\377\000M\000a\000c\000B\000o\000o\000k\000\040\000L\000o\000c\000a\000l\377\010\060\263\060\363\060\310\060\355\060\374\060\353\060\327\060\354\060\374\060\363\377\011}{subsection.3.1}% 15
\BOOKMARK [3][-]{subsubsection.3.1.2}{\376\377\000M\000U\000G\000E\000N\377\010\000r\0005\000.\0004\000x\000l\000a\000r\000g\000e\000\040\000-\000\040\000A\000W\000S\000\040\000E\000C\0002\377\011}{subsection.3.1}% 16
\BOOKMARK [3][-]{subsubsection.3.1.3}{\376\377\000M\000A\000J\000I\000N\377\010\000r\0005\000.\0004\000x\000l\000a\000r\000g\000e\000\040\000-\000\040\000A\000W\000S\000\040\000E\000C\0002\377\011}{subsection.3.1}% 17
\BOOKMARK [2][-]{subsection.3.2}{\376\377\060\250\060\374\060\270\060\247\060\363\060\310\060\277\060\244\060\327\060\150\000A\000P\000I\122\162\060\212\137\123\060\146}{section.3}% 18
\BOOKMARK [2][-]{subsection.3.3}{\376\377\000A\000P\000I\175\161\124\010\060\325\060\355\060\374}{section.3}% 19
\BOOKMARK [2][-]{subsection.3.4}{\376\377\060\267\060\271\060\306\060\340\121\150\117\123\133\271\221\317}{section.3}% 20
\BOOKMARK [1][-]{section.4}{\376\377\060\250\060\271\060\253\060\354\060\374\060\267\060\347\060\363\060\327\060\355\060\273\060\271}{}% 21
\BOOKMARK [2][-]{subsection.4.1}{\376\377\000C\000l\000a\000u\000d\000e\000\040\0004\000.\0005\000\040\000S\000o\000n\000n\000e\000t\000\040\000P\000r\000o\000v\000i\000s\000i\000o\000n\000e\000d\000\040\000T\000h\000r\000o\000u\000g\000h\000p\000u\000t\165\063\212\313}{section.4}% 22
\BOOKMARK [3][-]{subsubsection.4.1.1}{\376\377\200\314\146\157}{subsection.4.1}% 23
\BOOKMARK [3][-]{subsubsection.4.1.2}{\376\377\060\250\060\271\060\253\060\354\060\374\060\267\060\347\060\363\060\325\060\355\060\374}{subsection.4.1}% 24
\BOOKMARK [3][-]{subsubsection.4.1.3}{\376\377\163\376\127\050\060\156\060\271\060\306\060\374\060\277\060\271}{subsection.4.1}% 25
\BOOKMARK [2][-]{subsection.4.2}{\376\377\116\343\146\377\150\110}{section.4}% 26
\BOOKMARK [1][-]{section.5}{\376\377\000A\000W\000S\175\161\124\010\060\373\171\373\210\114\212\010\165\073}{}% 27
\BOOKMARK [2][-]{subsection.5.1}{\376\377\171\373\210\114\166\356\166\204}{section.5}% 28
\BOOKMARK [2][-]{subsection.5.2}{\376\377\060\277\060\374\060\262\060\303\060\310\060\242\060\374\060\255\060\306\060\257\060\301\060\343}{section.5}% 29
\BOOKMARK [3][-]{subsubsection.5.2.1}{\376\377\060\263\060\363\060\310\060\355\060\374\060\353\060\327\060\354\060\374\060\363\377\010\060\252\060\363\060\327\060\354\060\337\060\271\175\255\143\001\377\011}{subsection.5.2}% 30
\BOOKMARK [3][-]{subsubsection.5.2.2}{\376\377\000A\000W\000S\000\040\000C\000l\000o\000u\000d\060\263\060\363\060\335\060\374\060\315\060\363\060\310}{subsection.5.2}% 31
\BOOKMARK [2][-]{subsection.5.3}{\376\377\0005\220\061\225\223\171\373\210\114\212\010\165\073}{section.5}% 32
\BOOKMARK [2][-]{subsection.5.4}{\376\377\060\263\060\271\060\310\211\213\172\115\060\202\060\212}{section.5}% 33
\BOOKMARK [3][-]{subsubsection.5.4.1}{\376\377\060\263\060\271\060\310\122\112\156\033\122\271\147\234}{subsection.5.4}% 34
\BOOKMARK [2][-]{subsection.5.5}{\376\377\147\037\137\205\060\125\060\214\060\213\122\271\147\234}{section.5}% 35
\BOOKMARK [1][-]{section.6}{\376\377\212\055\133\232\060\325\060\241\060\244\060\353}{}% 36
\BOOKMARK [2][-]{subsection.6.1}{\376\377\000.\000c\000o\000d\000e\000x\000/\000s\000e\000t\000t\000i\000n\000g\000s\000.\000t\000o\000m\000l}{section.6}% 37
\BOOKMARK [2][-]{subsection.6.2}{\376\377\164\260\130\203\131\011\145\160\212\055\133\232\060\271\060\257\060\352\060\327\060\310}{section.6}% 38
\BOOKMARK [1][-]{section.7}{\376\377\060\242\060\374\060\255\060\306\060\257\060\301\060\343\126\363}{}% 39
\BOOKMARK [2][-]{subsection.7.1}{\376\377\126\363\116\000\211\247}{section.7}% 40
\BOOKMARK [2][-]{subsection.7.2}{\376\377\126\363\060\156\210\150\171\072\145\271\154\325}{section.7}% 41
\BOOKMARK [3][-]{subsubsection.7.2.1}{\376\377\000V\000S\000\040\000C\000o\000d\000e\060\147\060\156\210\150\171\072}{subsection.7.2}% 42
\BOOKMARK [3][-]{subsubsection.7.2.2}{\376\377\060\252\060\363\060\351\060\244\060\363\060\323\060\345\060\374\060\242\060\374\060\147\060\156\210\150\171\072}{subsection.7.2}% 43
\BOOKMARK [3][-]{subsubsection.7.2.3}{\376\377\060\355\060\374\060\253\060\353\060\147\000S\000V\000G\165\037\142\020}{subsection.7.2}% 44
\BOOKMARK [2][-]{subsection.7.3}{\376\377\126\363\060\325\060\241\060\244\060\353\116\000\211\247}{section.7}% 45
\BOOKMARK [1][-]{section.8}{\376\377\060\273\060\255\060\345\060\352\060\306\060\243\060\150\060\331\060\271\060\310\060\327\060\351\060\257\060\306\060\243\060\271}{}% 46
\BOOKMARK [2][-]{subsection.8.1}{\376\377\133\237\145\275\156\010\060\177\060\273\060\255\060\345\060\352\060\306\060\243\133\376\173\126}{section.8}% 47
\BOOKMARK [2][-]{subsection.8.2}{\376\377\143\250\131\150\116\213\230\005}{section.8}% 48
\BOOKMARK [3][-]{subsubsection.8.2.1}{\376\377\133\232\147\037\166\204\060\152\060\255\060\374\060\355\060\374\060\306\060\374\060\267\060\347\060\363\377\010\0009\0000\145\345\060\124\060\150\377\011}{subsection.8.2}% 49
\BOOKMARK [3][-]{subsubsection.8.2.2}{\376\377\000I\000A\000M\060\335\060\352\060\267\060\374\060\156\122\066\226\120}{subsection.8.2}% 50
\BOOKMARK [3][-]{subsubsection.8.2.3}{\376\377\147\054\165\152\164\260\130\203\060\147\060\157\000I\000A\000M\000\040\000R\000o\000l\000e\060\222\117\177\165\050}{subsection.8.2}% 51
\BOOKMARK [3][-]{subsubsection.8.2.4}{\376\377\000C\000l\000o\000u\000d\000T\000r\000a\000i\000l\060\355\060\260\166\343\211\226}{subsection.8.2}% 52
\BOOKMARK [2][-]{subsection.8.3}{\376\377\060\273\060\255\060\345\060\352\060\306\060\243\060\301\060\247\060\303\060\257\060\352\060\271\060\310}{section.8}% 53
\BOOKMARK [1][-]{section.9}{\376\377\060\307\060\327\060\355\060\244\142\113\230\006}{}% 54
\BOOKMARK [2][-]{subsection.9.1}{\376\377\000M\000U\000G\000E\000N\000/\000M\000A\000J\000I\000N\060\170\060\156\000A\000P\000I\000\040\000K\000e\000y\000s\134\125\225\213}{section.9}% 55
\BOOKMARK [3][-]{subsubsection.9.1.1}{\376\377\122\115\143\320\147\141\116\366}{subsection.9.1}% 56
\BOOKMARK [3][-]{subsubsection.9.1.2}{\376\377\142\113\230\006}{subsection.9.1}% 57
\BOOKMARK [2][-]{subsection.9.2}{\376\377\201\352\122\325\215\167\122\325\212\055\133\232}{section.9}% 58
\BOOKMARK [1][-]{section.10}{\376\377\166\343\211\226\060\150\220\113\165\050}{}% 59
\BOOKMARK [2][-]{subsection.10.1}{\376\377\060\263\060\271\060\310\166\343\211\226}{section.10}% 60
\BOOKMARK [3][-]{subsubsection.10.1.1}{\376\377\000O\000p\000e\000n\000A\000I}{subsection.10.1}% 61
\BOOKMARK [3][-]{subsubsection.10.1.2}{\376\377\000A\000W\000S\000\040\000B\000e\000d\000r\000o\000c\000k}{subsection.10.1}% 62
\BOOKMARK [3][-]{subsubsection.10.1.3}{\376\377\000C\000l\000o\000u\000d\000W\000a\000t\000c\000h\117\177\165\050\221\317\170\272\212\215}{subsection.10.1}% 63
\BOOKMARK [2][-]{subsection.10.2}{\376\377\060\321\060\325\060\251\060\374\060\336\060\363\060\271\166\343\211\226}{section.10}% 64
\BOOKMARK [3][-]{subsubsection.10.2.1}{\376\377\000t\000m\000u\000x\060\244\060\363\060\325\060\351\166\343\211\226}{subsection.10.2}% 65
\BOOKMARK [3][-]{subsubsection.10.2.2}{\376\377\166\343\211\226\060\131\060\171\060\115\143\007\152\031}{subsection.10.2}% 66
\BOOKMARK [1][-]{section.11}{\376\377\060\310\060\351\060\326\060\353\060\267\060\345\060\374\060\306\060\243\060\363\060\260}{}% 67
\BOOKMARK [2][-]{subsection.11.1}{\376\377\000O\000p\000e\000n\000A\000I\000\040\000A\000P\000I\000\040\000K\000e\000y\161\041\122\271\060\250\060\351\060\374}{section.11}% 68
\BOOKMARK [2][-]{subsection.11.2}{\376\377\000A\000W\000S\000\040\000B\000e\000d\000r\000o\000c\000k\152\051\226\120\060\250\060\351\060\374}{section.11}% 69
\BOOKMARK [2][-]{subsection.11.3}{\376\377\164\260\130\203\131\011\145\160\060\114\147\052\060\355\060\374\060\311}{section.11}% 70
\BOOKMARK [2][-]{subsection.11.4}{\376\377\000M\000A\000J\000I\000N\232\330\214\240\203\167}{section.11}% 71
\BOOKMARK [1][-]{section.12}{\376\377\116\312\137\214\060\156\060\271\060\306\060\303\060\327\060\150\060\355\060\374\060\311\060\336\060\303\060\327}{}% 72
\BOOKMARK [2][-]{subsection.12.1}{\376\377\167\355\147\037\377\010\0001\000-\0002\220\061\225\223\377\011}{section.12}% 73
\BOOKMARK [2][-]{subsection.12.2}{\376\377\116\055\147\037\377\010\0001\000-\0002\060\366\147\010\377\011}{section.12}% 74
\BOOKMARK [2][-]{subsection.12.3}{\376\377\225\167\147\037\377\010\0003\000-\0006\060\366\147\010\377\011}{section.12}% 75
\BOOKMARK [2][-]{subsection.12.4}{\376\377\133\237\210\114\122\044\145\255\060\301\060\247\060\303\060\257\060\352\060\271\060\310}{section.12}% 76
\BOOKMARK [1][-]{section.13}{\376\377\116\330\223\062}{}% 77
\BOOKMARK [2][-]{subsection.13.1}{\376\377\225\242\220\043\060\311\060\255\060\345\060\341\060\363\060\310}{section.13}% 78
\BOOKMARK [2][-]{subsection.13.2}{\376\377\060\263\060\336\060\363\060\311\060\352\060\325\060\241\060\354\060\363\060\271}{section.13}% 79
\BOOKMARK [3][-]{subsubsection.13.2.1}{\376\377\000A\000W\000S\000\040\000S\000e\000c\000r\000e\000t\000s\000\040\000M\000a\000n\000a\000g\000e\000r}{subsection.13.2}% 80
\BOOKMARK [3][-]{subsubsection.13.2.2}{\376\377\000A\000W\000S\000\040\000B\000e\000d\000r\000o\000c\000k}{subsection.13.2}% 81
\BOOKMARK [3][-]{subsubsection.13.2.3}{\376\377\000t\000m\000u\000x\144\315\117\134}{subsection.13.2}% 82
\BOOKMARK [2][-]{subsection.13.3}{\376\377\165\050\212\236\226\306}{section.13}% 83
\BOOKMARK [2][-]{subsection.13.4}{\376\377\220\043\175\141\121\110}{section.13}% 84
\BOOKMARK [1][-]{subsection.13.4}{\376\377\147\000\175\102\060\265\060\336\060\352\060\374}{}% 85
