\BOOKMARK [1][-]{section.1}{\376\377\000E\000x\000e\000c\000u\000t\000i\000v\000e\000\040\000S\000u\000m\000m\000a\000r\000y}{}% 1
\BOOKMARK [2][-]{subsection.1.1}{\376\377\175\317\124\010\175\161\212\010}{section.1}% 2
\BOOKMARK [2][-]{subsection.1.2}{\376\377\060\271\060\306\060\374\060\277\060\271}{section.1}% 3
\BOOKMARK [1][-]{section.2}{\376\377\000M\000a\000c\000B\000o\000o\000k\000\040\000\050\000L\000o\000c\000a\000l\000\051\000\040\000-\000\040\000C\000o\000n\000t\000r\000o\000l\000\040\000C\000e\000n\000t\000e\000r}{}% 4
\BOOKMARK [2][-]{subsection.2.1}{\376\377\060\267\060\271\060\306\060\340\140\305\130\061}{section.2}% 5
\BOOKMARK [2][-]{subsection.2.2}{\376\377\000t\000m\000u\000x\000\040\060\273\060\303\060\267\060\347\060\363\212\163\175\060}{section.2}% 6
\BOOKMARK [3][-]{subsubsection.2.2.1}{\376\377\000S\000e\000s\000s\000i\000o\000n\000:\000\040\000m\000i\000y\000a\000b\000i\000-\000o\000r\000c\000h\000e\000s\000t\000r\000a\000\040\000\050\0002\000\040\000w\000i\000n\000d\000o\000w\000s\000,\000\040\0009\000\040\000p\000a\000n\000e\000s\000\051}{subsection.2.2}% 7
\BOOKMARK [1][-]{section.3}{\376\377\000M\000U\000G\000E\000N\000\040\000-\000\040\000P\000r\000i\000m\000a\000r\000y\000\040\000C\000o\000m\000p\000u\000t\000e\000\040\000N\000o\000d\000e}{}% 8
\BOOKMARK [2][-]{subsection.3.1}{\376\377\060\267\060\271\060\306\060\340\140\305\130\061}{section.3}% 9
\BOOKMARK [2][-]{subsection.3.2}{\376\377\000t\000m\000u\000x\000\040\060\273\060\303\060\267\060\347\060\363\116\000\211\247\000\040\000\050\0001\0006\000\040\000s\000e\000s\000s\000i\000o\000n\000s\000\051}{section.3}% 10
\BOOKMARK [2][-]{subsection.3.3}{\376\377\000m\000i\000y\000a\000b\000i\000-\000o\000r\000c\000h\000e\000s\000t\000r\000a\000\040\060\273\060\303\060\267\060\347\060\363\212\163\175\060}{section.3}% 11
\BOOKMARK [1][-]{section.4}{\376\377\000M\000A\000J\000I\000N\000\040\000-\000\040\000S\000e\000c\000o\000n\000d\000a\000r\000y\000\040\000C\000o\000m\000p\000u\000t\000e\000\040\000N\000o\000d\000e}{}% 12
\BOOKMARK [2][-]{subsection.4.1}{\376\377\060\267\060\271\060\306\060\340\140\305\130\061}{section.4}% 13
\BOOKMARK [2][-]{subsection.4.2}{\376\377\000t\000m\000u\000x\000\040\060\273\060\303\060\267\060\347\060\363\116\000\211\247\000\040\000\050\0001\0001\000\040\000s\000e\000s\000s\000i\000o\000n\000s\000\051}{section.4}% 14
\BOOKMARK [2][-]{subsection.4.3}{\376\377\000m\000i\000y\000a\000b\000i\000-\000o\000r\000c\000h\000e\000s\000t\000r\000a\000\040\060\273\060\303\060\267\060\347\060\363\212\163\175\060}{section.4}% 15
\BOOKMARK [1][-]{section.5}{\376\377\000A\000g\000e\000n\000t\000\040\000D\000i\000s\000t\000r\000i\000b\000u\000t\000i\000o\000n\000\040\000A\000r\000c\000h\000i\000t\000e\000c\000t\000u\000r\000e}{}% 16
\BOOKMARK [1][-]{section.6}{\376\377\000P\000e\000r\000f\000o\000r\000m\000a\000n\000c\000e\000\040\000A\000n\000a\000l\000y\000s\000i\000s}{}% 17
\BOOKMARK [2][-]{subsection.6.1}{\376\377\000L\000o\000a\000d\000\040\000D\000i\000s\000t\000r\000i\000b\000u\000t\000i\000o\000n}{section.6}% 18
\BOOKMARK [2][-]{subsection.6.2}{\376\377\000M\000e\000m\000o\000r\000y\000\040\000U\000t\000i\000l\000i\000z\000a\000t\000i\000o\000n}{section.6}% 19
\BOOKMARK [2][-]{subsection.6.3}{\376\377\000D\000i\000s\000k\000\040\000U\000t\000i\000l\000i\000z\000a\000t\000i\000o\000n}{section.6}% 20
\BOOKMARK [2][-]{subsection.6.4}{\376\377\000P\000r\000o\000c\000e\000s\000s\000\040\000C\000o\000u\000n\000t}{section.6}% 21
\BOOKMARK [1][-]{section.7}{\376\377\000M\000a\000i\000n\000t\000e\000n\000a\000n\000c\000e\000\040\000R\000e\000c\000o\000m\000m\000e\000n\000d\000a\000t\000i\000o\000n\000s}{}% 22
\BOOKMARK [2][-]{subsection.7.1}{\376\377\123\163\146\102\133\376\137\334\116\015\211\201\000\040\000\050\000S\000t\000a\000t\000u\000s\000:\000\040\000G\000R\000E\000E\000N\000\051}{section.7}% 23
\BOOKMARK [2][-]{subsection.7.2}{\376\377\166\343\211\226\143\250\131\150\000\040\000\050\000S\000t\000a\000t\000u\000s\000:\000\040\000Y\000E\000L\000L\000O\000W\000\051}{section.7}% 24
\BOOKMARK [2][-]{subsection.7.3}{\376\377\147\000\220\151\123\026\143\320\150\110}{section.7}% 25
\BOOKMARK [1][-]{section.8}{\376\377\000C\000o\000d\000e\000x\000\040\000W\000o\000r\000k\000e\000r\000\040\000P\000o\000o\000l\000\040\000S\000t\000a\000t\000u\000s}{}% 26
\BOOKMARK [2][-]{subsection.8.1}{\376\377\000M\000U\000G\000E\000N\000\040\000W\000o\000r\000k\000e\000r\000s\000\040\000\050\0001\000-\0008\000\051}{section.8}% 27
\BOOKMARK [2][-]{subsection.8.2}{\376\377\000M\000A\000J\000I\000N\000\040\000W\000o\000r\000k\000e\000r\000s\000\040\000\050\0009\000-\0001\0006\000\051}{section.8}% 28
\BOOKMARK [1][-]{section.9}{\376\377\000S\000u\000m\000m\000a\000r\000y\000\040\000S\000t\000a\000t\000i\000s\000t\000i\000c\000s}{}% 29
\BOOKMARK [1][-]{section.10}{\376\377\000N\000e\000x\000t\000\040\000S\000t\000e\000p\000s}{}% 30
\BOOKMARK [1][-]{section.11}{\376\377\000A\000p\000p\000e\000n\000d\000i\000x\000:\000\040\000Q\000u\000i\000c\000k\000\040\000A\000c\000c\000e\000s\000s\000\040\000C\000o\000m\000m\000a\000n\000d\000s}{}% 31
\BOOKMARK [2][-]{subsection.11.1}{\376\377\000M\000a\000c\000B\000o\000o\000k\000\040\000\050\000L\000o\000c\000a\000l\000\051}{section.11}% 32
\BOOKMARK [2][-]{subsection.11.2}{\376\377\000M\000U\000G\000E\000N}{section.11}% 33
\BOOKMARK [2][-]{subsection.11.3}{\376\377\000M\000A\000J\000I\000N}{section.11}% 34
