\BOOKMARK [1][-]{section.1}{\376\377\060\250\060\260\060\274\060\257\060\306\060\243\060\326\060\265\060\336\060\352\060\374}{}% 1
\BOOKMARK [2][-]{subsection.1.1}{\376\377\134\016\121\145\122\271\147\234}{section.1}% 2
\BOOKMARK [2][-]{subsection.1.2}{\376\377\060\267\060\271\060\306\060\340\151\202\211\201}{section.1}% 3
\BOOKMARK [1][-]{section.2}{\376\377\060\267\060\271\060\306\060\340\151\313\142\020}{}% 4
\BOOKMARK [2][-]{subsection.2.1}{\376\377\060\306\060\374\060\326\060\353\116\000\211\247\377\010\0003\0007\060\306\060\374\060\326\060\353\377\011}{section.2}% 5
\BOOKMARK [3][-]{subsubsection.2.1.1}{\376\377\060\336\060\271\060\277\174\373\377\010\0001\0002\060\306\060\374\060\326\060\353\377\011}{subsection.2.1}% 6
\BOOKMARK [3][-]{subsubsection.2.1.2}{\376\377\060\310\060\351\060\363\060\266\060\257\060\267\060\347\060\363\174\373\377\010\0002\0005\060\306\060\374\060\326\060\353\377\011}{subsection.2.1}% 7
\BOOKMARK [1][-]{section.3}{\376\377\151\155\122\331\060\325\060\355\060\374}{}% 8
\BOOKMARK [2][-]{subsection.3.1}{\376\377\060\325\060\355\060\374\0001\000:\000\040\060\352\060\374\060\271\166\172\154\350\060\034\212\313\154\102\146\370\165\063\212\313}{section.3}% 9
\BOOKMARK [2][-]{subsection.3.2}{\376\377\060\325\060\355\060\374\0002\000:\000\040\175\114\214\273\174\276\173\227\377\010\000A\000I\201\352\122\325\122\006\230\136\377\011}{section.3}% 10
\BOOKMARK [2][-]{subsection.3.3}{\376\377\060\325\060\355\060\374\0003\000:\000\040\122\344\140\040\173\241\164\006\060\373\060\242\060\353\060\263\060\374\060\353\060\301\060\247\060\303\060\257}{section.3}% 11
\BOOKMARK [2][-]{subsection.3.4}{\376\377\060\325\060\355\060\374\0004\000:\000\040\131\313\151\155\122\115\160\271\151\034}{section.3}% 12
\BOOKMARK [2][-]{subsection.3.5}{\376\377\060\325\060\355\060\374\0005\000:\000\040\133\211\121\150\145\131\200\262\060\373\000K\000Y\155\073\122\325}{section.3}% 13
\BOOKMARK [2][-]{subsection.3.6}{\376\377\060\325\060\355\060\374\0006\000:\000\040\116\213\145\105\060\373\060\322\060\344\060\352\060\317\060\303\060\310\130\061\124\112}{section.3}% 14
\BOOKMARK [2][-]{subsection.3.7}{\376\377\060\325\060\355\060\374\0007\000:\000\040\122\264\122\331\212\277\147\373\133\376\137\334}{section.3}% 15
\BOOKMARK [2][-]{subsection.3.8}{\376\377\060\325\060\355\060\374\0008\000:\000\040\216\312\116\041\173\241\164\006}{section.3}% 16
\BOOKMARK [1][-]{section.4}{\376\377\201\352\122\325\123\026\152\137\200\375}{}% 17
\BOOKMARK [2][-]{subsection.4.1}{\376\377\117\134\142\020\156\010\060\177\060\323\060\345\060\374\377\010\0002\0009\060\323\060\345\060\374\377\011}{section.4}% 18
\BOOKMARK [2][-]{subsection.4.2}{\376\377\143\250\131\150\000A\000u\000t\000o\000m\000a\000t\000i\000o\000n\212\055\133\232}{section.4}% 19
\BOOKMARK [1][-]{section.5}{\376\377\134\016\121\145\060\373\220\113\165\050\060\254\060\244\060\311}{}% 20
\BOOKMARK [2][-]{subsection.5.1}{\376\377\000P\000h\000a\000s\000e\000\040\0001\000:\000\040\122\035\147\037\212\055\133\232\377\010\0001\220\061\225\223\377\011}{section.5}% 21
\BOOKMARK [2][-]{subsection.5.2}{\376\377\000P\000h\000a\000s\000e\000\040\0002\000:\000\040\212\146\232\023\220\113\165\050\377\010\0002\220\061\225\223\377\011}{section.5}% 22
\BOOKMARK [2][-]{subsection.5.3}{\376\377\000P\000h\000a\000s\000e\000\040\0003\000:\000\040\147\054\150\074\220\113\165\050}{section.5}% 23
\BOOKMARK [1][-]{section.6}{\376\377\134\016\121\145\122\271\147\234}{}% 24
\BOOKMARK [2][-]{subsection.6.1}{\376\377\133\232\221\317\166\204\122\271\147\234}{section.6}% 25
\BOOKMARK [2][-]{subsection.6.2}{\376\377\133\232\140\047\166\204\122\271\147\234}{section.6}% 26
\BOOKMARK [1][-]{section.7}{\376\377\116\312\137\214\060\156\142\341\137\065}{}% 27
\BOOKMARK [2][-]{subsection.7.1}{\376\377\217\375\122\240\152\137\200\375\150\110}{section.7}% 28
\BOOKMARK [2][-]{subsection.7.2}{\376\377\060\265\060\335\060\374\060\310\117\123\122\066}{section.7}% 29
