\BOOKMARK [1][-]{section.1}{\376\377\060\250\060\260\060\274\060\257\060\306\060\243\060\326\060\265\060\336\060\352\060\374}{}% 1
\BOOKMARK [2][-]{subsection.1.1}{\376\377\116\213\151\155\151\202\211\201}{section.1}% 2
\BOOKMARK [2][-]{subsection.1.2}{\376\377\136\002\130\064\152\137\117\032}{section.1}% 3
\BOOKMARK [2][-]{subsection.1.3}{\376\377\123\316\166\312\166\356\152\031\377\010\0003\136\164\137\214\377\011}{section.1}% 4
\BOOKMARK [1][-]{section.2}{\376\377\060\267\060\271\060\306\060\340\060\242\060\374\060\255\060\306\060\257\060\301\060\343}{}% 5
\BOOKMARK [2][-]{subsection.2.1}{\376\377\121\150\117\123\151\313\142\020\126\363}{section.2}% 6
\BOOKMARK [2][-]{subsection.2.2}{\376\377\060\307\060\374\060\277\060\342\060\307\060\353\377\010\000E\000R\126\363\377\011}{section.2}% 7
\BOOKMARK [1][-]{section.3}{\376\377\151\155\122\331\060\325\060\355\060\374}{}% 8
\BOOKMARK [2][-]{subsection.3.1}{\376\377\060\352\060\374\060\271\166\172\154\350\060\325\060\355\060\374}{section.3}% 9
\BOOKMARK [2][-]{subsection.3.2}{\376\377\133\211\121\150\173\241\164\006\060\325\060\355\060\374}{section.3}% 10
\BOOKMARK [1][-]{section.4}{\376\377\136\002\130\064\122\006\147\220}{}% 11
\BOOKMARK [2][-]{subsection.4.1}{\376\377\136\372\212\055\151\155\165\114\060\156\163\376\162\266}{section.4}% 12
\BOOKMARK [2][-]{subsection.4.2}{\376\377\151\155\165\114\212\262\230\114}{section.4}% 13
\BOOKMARK [1][-]{section.5}{\376\377\172\366\124\010\122\006\147\220}{}% 14
\BOOKMARK [2][-]{subsection.5.1}{\376\377\116\073\211\201\172\366\124\010\060\265\060\374\060\323\060\271}{section.5}% 15
\BOOKMARK [2][-]{subsection.5.2}{\376\377\135\356\122\045\123\026\060\335\060\244\060\363\060\310}{section.5}% 16
\BOOKMARK [1][-]{section.6}{\376\377\117\241\150\074\142\046\165\145}{}% 17
\BOOKMARK [2][-]{subsection.6.1}{\376\377\145\231\221\321\060\327\060\351\060\363}{section.6}% 18
\BOOKMARK [2][-]{subsection.6.2}{\376\377\172\366\124\010\153\324\217\003}{section.6}% 19
\BOOKMARK [1][-]{section.7}{\376\377\000G\000o\000-\000t\000o\000-\000M\000a\000r\000k\000e\000t\142\046\165\145}{}% 20
\BOOKMARK [2][-]{subsection.7.1}{\376\377\060\325\060\247\060\374\060\272\122\045\134\125\225\213}{section.7}% 21
\BOOKMARK [2][-]{subsection.7.2}{\376\377\214\251\130\362\060\301\060\343\060\315\060\353}{section.7}% 22
\BOOKMARK [1][-]{section.8}{\376\377\123\316\166\312\116\210\156\054}{}% 23
\BOOKMARK [2][-]{subsection.8.1}{\376\377\0003\136\164\123\316\166\312\060\342\060\307\060\353}{section.8}% 24
\BOOKMARK [2][-]{subsection.8.2}{\376\377\060\346\060\313\060\303\060\310\060\250\060\263\060\316\060\337\060\257\060\271}{section.8}% 25
\BOOKMARK [1][-]{section.9}{\376\377\143\250\131\150\060\242\060\257\060\267\060\347\060\363\060\327\060\351\060\363}{}% 26
\BOOKMARK [2][-]{subsection.9.1}{\376\377\000T\000o\000p\000\040\0003\000\040\060\242\060\257\060\267\060\347\060\363}{section.9}% 27
\BOOKMARK [1][-]{section.10}{\376\377\060\176\060\150\060\201}{}% 28
\BOOKMARK [2][-]{subsection.10.1}{\376\377\142\225\214\307\133\376\122\271\147\234}{section.10}% 29
\BOOKMARK [2][-]{subsection.10.2}{\376\377\142\020\122\237\211\201\126\340}{section.10}% 30
